MPASM  5.51                  PLANTILLA_11.ASM   4-18-2022  8:45:12         PAGE  1


LOC  OBJECT CODE     LINE SOURCE TEXT
  VALUE

                      00001 
                      00002 ;                                                                     *
                      00003 ;    Filename:      xxx.asm                                           *
                      00004 ;    Date:     26 de Febrero 2021                                                   *
                      00005 ;    File Version:                                                    *
                      00006 ;                                                                     *
                      00007 ;    Author:   Jair Antonio Palos Hernandez                                                      *
                      00008 ;    Company:   Sistemas Digitales                                                      *
                      00009 ;                                                                     *
                      00010 ;                                                                     *
                      00011 ;**********************************************************************
                      00012 ;                                                                     *
                      00013 ;    Files Required: P16F887.INC                                      *
                      00014 ;                                                                     *
                      00015 ;**********************************************************************
                      00016 ;                                                                     *
                      00017 ;    Notes:                                                           *
                      00018 ;                                                                     *
                      00019 ;**********************************************************************
                      00020 
                      00021 
                      00022         list            p=16f887        ; list directive to define processor
                      00023         #include        <p16f887.inc>   ; processor specific variable definitions
                      00001         LIST
                      00002 
                      00003 ;==========================================================================
                      00004 ;  MPASM PIC16F887 processor include
                      00005 ; 
                      00006 ;  (c) Copyright 1999-2013 Microchip Technology, All rights reserved
                      00007 ;==========================================================================
                      00008 
                      00809         LIST
                      00024 
                      00025         CBLOCK  0X20
  00000020            00026                         CounterA,CounterB,CounterC,ELCONT,ELCONT1,ELCONT2,ELCONT3
                      00027         ENDC
                      00028         
2007   28E4           00029         __CONFIG    _CONFIG1, _LVP_OFF & _FCMEN_ON & _IESO_OFF & _BOR_OFF & _CPD_OFF & _CP_OFF & _MCLRE_
                            ON & _PWRTE_ON & _WDT_OFF & _INTRC_OSC_NOCLKOUT
2008   3EFF           00030         __CONFIG    _CONFIG2, _WRT_OFF & _BOR21V
                      00031 
                      00032                         
                      00033         
                      00034         
                      00035         
0000                  00036         ORG     0x000             ; processor reset vector
0000   0000           00037         NOP
0001   2802           00038         GOTO    config_port             ; go to beginning of program
                      00039         
                      00040 
0002                  00041 config_port
                      00042 
0002   1683           00043         BSF             STATUS,RP0               ;Cambio al Bank_0
MPASM  5.51                  PLANTILLA_11.ASM   4-18-2022  8:45:12         PAGE  2


LOC  OBJECT CODE     LINE SOURCE TEXT
  VALUE

                      00044 
0003   30FF           00045         MOVLW   0xFF                    ;Configua el PORTA 
Message[302]: Register in operand not in bank 0.  Ensure that bank bits are correct.
0004   0085           00046         MOVWF   TRISA                           
                      00047 ;       MOVWF   TRISC
                      00048 
0005   3000           00049         MOVLW   0x00                    ;Configuramos el PORTB como salida 
Message[302]: Register in operand not in bank 0.  Ensure that bank bits are correct.
0006   0086           00050         MOVWF   TRISB
Message[302]: Register in operand not in bank 0.  Ensure that bank bits are correct.
0007   0087           00051         MOVWF   TRISC
Message[302]: Register in operand not in bank 0.  Ensure that bank bits are correct.
0008   0088           00052         MOVWF   TRISD
0009   1703           00053         BSF             STATUS,RP1
Message[302]: Register in operand not in bank 0.  Ensure that bank bits are correct.
000A   0188           00054         CLRF    ANSEL                   ;Configuramos el puerto como digital
Message[302]: Register in operand not in bank 0.  Ensure that bank bits are correct.
000B   0189           00055         CLRF    ANSELH
000C   1283           00056         BCF             STATUS,RP0
000D   1303           00057         BCF             STATUS,RP1              ;cambiamos de banco 
000E   3000           00058         MOVLW   0X00
000F   0085           00059         MOVWF   PORTA
0010   0186           00060         CLRF    PORTB
0011   0187           00061         CLRF    PORTC
0012   2817           00062         GOTO    INICIO
                      00063 
0013   0185           00064         CLRF    PORTA                           ;limpio el PORTA
0014   0186           00065         CLRF    PORTB                           ;limpio el PORTC
0015   0187           00066         CLRF    PORTC                           ;limpio el PORTC
0016   0188           00067         CLRF    PORTD                           ;limpio el PORTD
                      00068 
                      00069 
                      00070 
                      00071 
0017                  00072 INICIO
                      00073         
0017   1805           00074         BTFSC   PORTA,0
0018   281E           00075         GOTO    CON_2
0019   281B           00076         GOTO    CON_1
001A   2817           00077         GOTO    INICIO
                      00078         
                      00079         
001B                  00080 CON_1
001B   1885           00081         BTFSC   PORTA,1
001C   2827           00082         GOTO    SEC_2
001D   2821           00083         GOTO    SEC_0
                      00084         
                      00085 
001E                  00086 CON_2
001E   1885           00087         BTFSC   PORTA,1
001F   282A           00088         GOTO    SEC_3
0020   2824           00089         GOTO    SEC_1
                      00090 
MPASM  5.51                  PLANTILLA_11.ASM   4-18-2022  8:45:12         PAGE  3


LOC  OBJECT CODE     LINE SOURCE TEXT
  VALUE

                      00091 
                      00092 ;SECUENCIAS
0021                  00093 SEC_0
0021   3001           00094         MOVLW   B'0001'                 
0022   0088           00095         MOVWF   PORTD   
0023   282D           00096         GOTO    ULTI
0024                  00097 SEC_1
0024   3002           00098         MOVLW   B'0010'                 
0025   0088           00099         MOVWF   PORTD
0026   285B           00100         GOTO    ULTI_1
                      00101 
0027                  00102 SEC_2
0027   3004           00103         MOVLW   B'0100'                 
0028   0088           00104         MOVWF   PORTD
0029   288D           00105         GOTO    ULTI_2
                      00106 
002A                  00107 SEC_3
002A   3008           00108         MOVLW   B'1000'                 
002B   0088           00109         MOVWF   PORTD
002C   28BB           00110         GOTO    ULTI_3
                      00111 
                      00112 ;MI_DERECHA
                      00113 ;CONTADOR SE LIMPIA
002D                  00114 ULTI
002D   01A3           00115         CLRF    ELCONT
                      00116 ;CONTADOR               
002E                  00117 PROCEDI 
002E   2056           00118         CALL    CHECAR_0
002F   0823           00119         MOVF    ELCONT,W
0030   203C           00120         CALL    TABLA_1         
0031   0086           00121         MOVWF   PORTB
0032   0823           00122         MOVF    ELCONT,W        
0033   2047           00123         CALL    TABLA           
0034   0087           00124         MOVWF   PORTC           
0035   20ED           00125         CALL    RETARDO         
0036   0AA3           00126         INCF    ELCONT,F        
0037   300C           00127         MOVLW   .12                     
0038   0623           00128         XORWF   ELCONT,W        
0039   1D03           00129         BTFSS   STATUS,Z        
003A   282E           00130         GOTO    PROCEDI 
003B   282D           00131         GOTO    ULTI            
003C                  00132 TABLA_1
                      00133         ;                 ABCDEFGH       
003C   0782           00134         ADDWF   PCL,F
003D   3433           00135         RETLW   b'00110011';M   
003E   3430           00136         RETLW   b'00110000';1   
003F   340C           00137         RETLW   b'00001100';_
0040   34FC           00138         RETLW   b'11111100';D
0041   34CF           00139         RETLW   b'11001111';E
0042   34E3           00140         RETLW   b'11100011';R
0043   34CF           00141         RETLW   b'11001111';E
0044   34CF           00142         RETLW   b'11001111';C
0045   3433           00143         RETLW   b'00110011';H
MPASM  5.51                  PLANTILLA_11.ASM   4-18-2022  8:45:12         PAGE  4


LOC  OBJECT CODE     LINE SOURCE TEXT
  VALUE

0046   34F3           00144         RETLW   b'11110011';A
                      00145 
0047                  00146 TABLA
                      00147         ;                 ABCDEFGH      
0047   0782           00148         ADDWF   PCL,F   
0048   34A0           00149         RETLW   b'10100000';M   
0049   3420           00150         RETLW   b'00100000';1
004A   3400           00151         RETLW   b'00000000';_
004B   3444           00152         RETLW   b'01000100';D   
004C   3411           00153         RETLW   b'00010001';E
004D   3418           00154         RETLW   b'00011000';R
004E   3411           00155         RETLW   b'00010001';E
004F   3400           00156         RETLW   b'00000000';C
0050   3411           00157         RETLW   b'00010001';H
0051   3411           00158         RETLW   b'00010001';A
                      00159 
                      00160 
0052                  00161 LIMPIAR
0052   0186           00162         CLRF    PORTB
0053   0187           00163         CLRF    PORTC   
0054   0188           00164         CLRF    PORTD   
0055   2817           00165         GOTO    INICIO          
                      00166 
0056                  00167 CHECAR_0
0056   1805           00168         BTFSC   PORTA,0         
0057   2852           00169         GOTO    LIMPIAR
0058   1885           00170         BTFSC   PORTA,1         
0059   2852           00171         GOTO    LIMPIAR
005A   0008           00172         RETURN  
                      00173         
                      00174 
                      00175 
                      00176 ;segunda  M1_IZQUIERDA
                      00177 
005B                  00178 ULTI_1
005B   01A4           00179         CLRF    ELCONT1
                      00180 ;CONTADOR               
005C                  00181 PROCEDI_1
005C   2088           00182         CALL    CHECAR_1
005D   0824           00183         MOVF    ELCONT1,W
005E   206A           00184         CALL    TABLA_21                
005F   0086           00185         MOVWF   PORTB
0060   0824           00186         MOVF    ELCONT1,W       
0061   2077           00187         CALL    TABLA_22                
0062   0087           00188         MOVWF   PORTC           
0063   20ED           00189         CALL    RETARDO         
0064   0AA4           00190         INCF    ELCONT1,F       
0065   300C           00191         MOVLW   .12                     
0066   0624           00192         XORWF   ELCONT1,W       
0067   1D03           00193         BTFSS   STATUS,Z        
0068   285C           00194         GOTO    PROCEDI_1       
0069   285B           00195         GOTO    ULTI_1          
                      00196 
MPASM  5.51                  PLANTILLA_11.ASM   4-18-2022  8:45:12         PAGE  5


LOC  OBJECT CODE     LINE SOURCE TEXT
  VALUE

006A                  00197 TABLA_21
                      00198         ;                 ABCDEFGH 
006A   0782           00199         ADDWF   PCL,F
006B   3433           00200         RETLW   b'00110011';M   
006C   3430           00201         RETLW   b'00110000';1   
006D   340C           00202         RETLW   b'00001100';_
006E   34CC           00203         RETLW   b'11001100';I
006F   34CC           00204         RETLW   b'11001100';Z
0070   34F1           00205         RETLW   b'11110001';Q
0071   343F           00206         RETLW   b'00111111';U
0072   34CC           00207         RETLW   b'11001100';I
0073   34CF           00208         RETLW   b'11001111';E
0074   34E3           00209         RETLW   b'11100011';R
0075   34FC           00210         RETLW   b'11111100';D
0076   34F3           00211         RETLW   b'11110011';A
                      00212 
0077                  00213 TABLA_22
                      00214         ;                 ABCDEFGH      
0077   0782           00215         ADDWF   PCL,F   
0078   34A0           00216         RETLW   b'10100000';M   
0079   3420           00217         RETLW   b'00100000';1
007A   3400           00218         RETLW   b'00000000';_
007B   3444           00219         RETLW   b'01000100';I
007C   3422           00220         RETLW   b'00100010';Z
007D   3401           00221         RETLW   b'00000001';Q
007E   3400           00222         RETLW   b'00000000';U
007F   3444           00223         RETLW   b'01000100';I   
0080   3411           00224         RETLW   b'00010001';E
0081   3418           00225         RETLW   b'00011000';R
0082   3444           00226         RETLW   b'01000100';D
0083   3411           00227         RETLW   b'00010001';A
                      00228 
                      00229         
0084                  00230 LIMPIAR_1
0084   0186           00231         CLRF    PORTB
0085   0187           00232         CLRF    PORTC   
0086   0188           00233         CLRF    PORTD   
0087   2817           00234         GOTO    INICIO          
                      00235 
0088                  00236 CHECAR_1
0088   1C05           00237         BTFSS   PORTA,0                 
0089   2884           00238         GOTO    LIMPIAR_1       
008A   1885           00239         BTFSC   PORTA,1                 
008B   2884           00240         GOTO    LIMPIAR_1
008C   0008           00241         RETURN
                      00242 
                      00243 
                      00244 ;M2_DERECHA
                      00245 
008D                  00246 ULTI_2
008D   01A5           00247         CLRF    ELCONT2
                      00248 ;CONTADOR               
008E                  00249 PROCEDI_2
MPASM  5.51                  PLANTILLA_11.ASM   4-18-2022  8:45:12         PAGE  6


LOC  OBJECT CODE     LINE SOURCE TEXT
  VALUE

008E   20B6           00250         CALL    CHECAR_2
008F   0825           00251         MOVF    ELCONT2,W
0090   209C           00252         CALL    TABLA_31                
0091   0086           00253         MOVWF   PORTB
0092   0825           00254         MOVF    ELCONT2,W       
0093   20A7           00255         CALL    TABLA_32                
0094   0087           00256         MOVWF   PORTC           
0095   20ED           00257         CALL    RETARDO         
0096   0AA5           00258         INCF    ELCONT2,F       
0097   300A           00259         MOVLW   .10                     
0098   0625           00260         XORWF   ELCONT2,W       
0099   1D03           00261         BTFSS   STATUS,Z        
009A   288E           00262         GOTO    PROCEDI_2       
009B   288D           00263         GOTO    ULTI_2          
                      00264 
009C                  00265 TABLA_31
                      00266         ;                 HGFEDCBA 
009C   0782           00267         ADDWF   PCL,F
009D   3433           00268         RETLW   b'00110011';M   
009E   34EE           00269         RETLW   b'11101110';2   
009F   340C           00270         RETLW   b'00001100';_
00A0   34FC           00271         RETLW   b'11111100';D
00A1   34CF           00272         RETLW   b'11001111';E
00A2   34E3           00273         RETLW   b'11100011';R
00A3   34CF           00274         RETLW   b'11001111';E
00A4   34CF           00275         RETLW   b'11001111';C
00A5   3433           00276         RETLW   b'00110011';H
00A6   34F3           00277         RETLW   b'11110011';A
                      00278 
00A7                  00279 TABLA_32
                      00280         ;                 UTSRPNMK      
00A7   0782           00281         ADDWF   PCL,F   
00A8   34A0           00282         RETLW   b'10100000';M   
00A9   3411           00283         RETLW   b'00010001';2
00AA   3400           00284         RETLW   b'00000000';_
00AB   3444           00285         RETLW   b'01000100';D   
00AC   3411           00286         RETLW   b'00010001';E
00AD   3418           00287         RETLW   b'00011000';R
00AE   3411           00288         RETLW   b'00010001';E
00AF   3400           00289         RETLW   b'00000000';C
00B0   3411           00290         RETLW   b'00010001';H
00B1   3411           00291         RETLW   b'00010001';A
                      00292         
00B2                  00293 LIMPIAR_2
00B2   0186           00294         CLRF    PORTB
00B3   0187           00295         CLRF    PORTC
00B4   0188           00296         CLRF    PORTD           
00B5   2817           00297         GOTO    INICIO          
                      00298 
00B6                  00299 CHECAR_2
00B6   1805           00300         BTFSC   PORTA,0                 
00B7   28B2           00301         GOTO    LIMPIAR_2       
00B8   1C85           00302         BTFSS   PORTA,1         
MPASM  5.51                  PLANTILLA_11.ASM   4-18-2022  8:45:12         PAGE  7


LOC  OBJECT CODE     LINE SOURCE TEXT
  VALUE

00B9   28B2           00303         GOTO    LIMPIAR_2
00BA   0008           00304         RETURN  
                      00305 
                      00306 
                      00307 
                      00308 
                      00309 
                      00310 ;M2_IZQUIERDA
                      00311 
00BB                  00312 ULTI_3
00BB   01A6           00313         CLRF    ELCONT3
                      00314 ;CONTADOR               
00BC                  00315 PROCEDI_3
00BC   20E8           00316         CALL    CHECAR_3
00BD   0826           00317         MOVF    ELCONT3,W
00BE   20CA           00318         CALL    TABLA_41                
00BF   0086           00319         MOVWF   PORTB
00C0   0826           00320         MOVF    ELCONT3,W       
00C1   20D7           00321         CALL    TABLA_42                
00C2   0087           00322         MOVWF   PORTC           
00C3   20ED           00323         CALL    RETARDO         
00C4   0AA6           00324         INCF    ELCONT3,F       
00C5   300C           00325         MOVLW   .12                     
00C6   0626           00326         XORWF   ELCONT3,W       
00C7   1D03           00327         BTFSS   STATUS,Z        
00C8   28BC           00328         GOTO    PROCEDI_3       
00C9   28BB           00329         GOTO    ULTI_3          
                      00330 
00CA                  00331 TABLA_41
                      00332         ;                 HGFEDCBA 
00CA   0782           00333         ADDWF   PCL,F
00CB   3433           00334         RETLW   b'00110011';M   
00CC   34EE           00335         RETLW   b'11101110';2   
00CD   340C           00336         RETLW   b'00001100';_
00CE   34CC           00337         RETLW   b'11001100';I
00CF   34CC           00338         RETLW   b'11001100';Z
00D0   34F1           00339         RETLW   b'11110001';Q
00D1   343F           00340         RETLW   b'00111111';U
00D2   34CC           00341         RETLW   b'11001100';I
00D3   34CF           00342         RETLW   b'11001111';E
00D4   34E3           00343         RETLW   b'11100011';R
00D5   34FC           00344         RETLW   b'11111100';D
00D6   34F3           00345         RETLW   b'11110011';A
                      00346 
00D7                  00347 TABLA_42
                      00348         ;                 UTSRPNMK      
Warning[203]: Found opcode in column 1. (ADDWF)
00D7   0782           00349 ADDWF   PCL,F   
00D8   34A0           00350         RETLW   b'10100000';M   
00D9   3411           00351         RETLW   b'00010001';1
00DA   3400           00352         RETLW   b'00000000';_
00DB   3444           00353         RETLW   b'01000100';I
00DC   3422           00354         RETLW   b'00100010';Z
MPASM  5.51                  PLANTILLA_11.ASM   4-18-2022  8:45:12         PAGE  8


LOC  OBJECT CODE     LINE SOURCE TEXT
  VALUE

00DD   3401           00355         RETLW   b'00000001';Q
00DE   3400           00356         RETLW   b'00000000';U
00DF   3444           00357         RETLW   b'01000100';I   
00E0   3411           00358         RETLW   b'00010001';E
00E1   3418           00359         RETLW   b'00011000';R
00E2   3444           00360         RETLW   b'01000100';D
00E3   3411           00361         RETLW   b'00010001';A
                      00362 
                      00363         
00E4                  00364 LIMPIAR_3
00E4   0186           00365         CLRF    PORTB
00E5   0187           00366         CLRF    PORTC
00E6   0188           00367         CLRF    PORTD           
00E7   2817           00368         GOTO    INICIO          
                      00369 
00E8                  00370 CHECAR_3
00E8   1C05           00371         BTFSS   PORTA,0                 
00E9   28E4           00372         GOTO    LIMPIAR_3       
00EA   1C85           00373         BTFSS   PORTA,1                 
00EB   28E4           00374         GOTO    LIMPIAR_3
00EC   0008           00375         RETURN
                      00376 
                      00377 
                      00378 
                      00379 
                      00380 
00ED                  00381 RETARDO
                      00382         
00ED   3003           00383                 movlw   D'3'
00EE   00A2           00384                 movwf   CounterC
00EF   3064           00385                 movlw   D'100'
00F0   00A1           00386                 movwf   CounterB
00F1   3078           00387                 movlw   D'120'
00F2   00A0           00388                 movwf   CounterA
Warning[207]: Found label after column 1. (loop)
00F3   0BA0           00389         loop            decfsz  CounterA,1
00F4   28F3           00390                 goto    loop
00F5   0BA1           00391                 decfsz  CounterB,1
00F6   28F3           00392                 goto    loop
00F7   0BA2           00393                 decfsz  CounterC,1
00F8   28F3           00394                 goto    loop
00F9   3400           00395                 retlw   0
00FA   0008           00396         RETURN  
                      00397 
                      00398         END 
MPASM  5.51                  PLANTILLA_11.ASM   4-18-2022  8:45:12         PAGE  9


SYMBOL TABLE
  LABEL                             VALUE 

ABDEN                             00000000
ABDOVF                            00000007
ACKDT                             00000005
ACKEN                             00000004
ACKSTAT                           00000006
ADCON0                            0000001F
ADCON1                            0000009F
ADCS0                             00000006
ADCS1                             00000007
ADDEN                             00000003
ADFM                              00000007
ADIE                              00000006
ADIF                              00000006
ADON                              00000000
ADRESH                            0000001E
ADRESL                            0000009E
ANS0                              00000000
ANS1                              00000001
ANS10                             00000002
ANS11                             00000003
ANS12                             00000004
ANS13                             00000005
ANS2                              00000002
ANS3                              00000003
ANS4                              00000004
ANS5                              00000005
ANS6                              00000006
ANS7                              00000007
ANS8                              00000000
ANS9                              00000001
ANSEL                             00000188
ANSELH                            00000189
BAUDCTL                           00000187
BCLIE                             00000003
BCLIF                             00000003
BF                                00000000
BRG0                              00000000
BRG1                              00000001
BRG10                             00000002
BRG11                             00000003
BRG12                             00000004
BRG13                             00000005
BRG14                             00000006
BRG15                             00000007
BRG16                             00000003
BRG2                              00000002
BRG3                              00000003
BRG4                              00000004
BRG5                              00000005
BRG6                              00000006
BRG7                              00000007
BRG8                              00000000
BRG9                              00000001
MPASM  5.51                  PLANTILLA_11.ASM   4-18-2022  8:45:12         PAGE 10


SYMBOL TABLE
  LABEL                             VALUE 

BRGH                              00000002
C                                 00000000
C1CH0                             00000000
C1CH1                             00000001
C1IE                              00000005
C1IF                              00000005
C1OE                              00000005
C1ON                              00000007
C1OUT                             00000006
C1POL                             00000004
C1R                               00000002
C1RSEL                            00000005
C1SEN                             00000005
C2CH0                             00000000
C2CH1                             00000001
C2IE                              00000006
C2IF                              00000006
C2OE                              00000005
C2ON                              00000007
C2OUT                             00000006
C2POL                             00000004
C2R                               00000002
C2REN                             00000004
C2RSEL                            00000004
C2SYNC                            00000000
CCP1CON                           00000017
CCP1IE                            00000002
CCP1IF                            00000002
CCP1M0                            00000000
CCP1M1                            00000001
CCP1M2                            00000002
CCP1M3                            00000003
CCP1X                             00000005
CCP1Y                             00000004
CCP2CON                           0000001D
CCP2IE                            00000000
CCP2IF                            00000000
CCP2M0                            00000000
CCP2M1                            00000001
CCP2M2                            00000002
CCP2M3                            00000003
CCP2X                             00000005
CCP2Y                             00000004
CCPR1                             00000015
CCPR1H                            00000016
CCPR1L                            00000015
CCPR2                             0000001B
CCPR2H                            0000001C
CCPR2L                            0000001B
CHECAR_0                          00000056
CHECAR_1                          00000088
CHECAR_2                          000000B6
CHECAR_3                          000000E8
MPASM  5.51                  PLANTILLA_11.ASM   4-18-2022  8:45:12         PAGE 11


SYMBOL TABLE
  LABEL                             VALUE 

CHS0                              00000002
CHS1                              00000003
CHS2                              00000004
CHS3                              00000005
CKE                               00000006
CKP                               00000004
CM1CON0                           00000107
CM2CON0                           00000108
CM2CON1                           00000109
CON_1                             0000001B
CON_2                             0000001E
CREN                              00000004
CSRC                              00000007
CounterA                          00000020
CounterB                          00000021
CounterC                          00000022
D                                 00000005
DATA_ADDRESS                      00000005
DC                                00000001
DC1B0                             00000004
DC1B1                             00000005
DC2B0                             00000004
DC2B1                             00000005
D_A                               00000005
D_NOT_A                           00000005
ECCPAS                            0000009C
ECCPAS0                           00000004
ECCPAS1                           00000005
ECCPAS2                           00000006
ECCPASE                           00000007
EEADR                             0000010D
EEADRH                            0000010F
EECON1                            0000018C
EECON2                            0000018D
EEDAT                             0000010C
EEDATA                            0000010C
EEDATH                            0000010E
EEIE                              00000004
EEIF                              00000004
EEPGD                             00000007
ELCONT                            00000023
ELCONT1                           00000024
ELCONT2                           00000025
ELCONT3                           00000026
F                                 00000001
FERR                              00000002
FSR                               00000004
FVREN                             00000000
GCEN                              00000007
GIE                               00000007
GO                                00000001
GO_DONE                           00000001
GO_NOT_DONE                       00000001
MPASM  5.51                  PLANTILLA_11.ASM   4-18-2022  8:45:12         PAGE 12


SYMBOL TABLE
  LABEL                             VALUE 

HTS                               00000002
I2C_DATA                          00000005
I2C_READ                          00000002
I2C_START                         00000003
I2C_STOP                          00000004
INDF                              00000000
INICIO                            00000017
INTCON                            0000000B
INTE                              00000004
INTEDG                            00000006
INTF                              00000001
IOCB                              00000096
IOCB0                             00000000
IOCB1                             00000001
IOCB2                             00000002
IOCB3                             00000003
IOCB4                             00000004
IOCB5                             00000005
IOCB6                             00000006
IOCB7                             00000007
IRCF0                             00000004
IRCF1                             00000005
IRCF2                             00000006
IRP                               00000007
LIMPIAR                           00000052
LIMPIAR_1                         00000084
LIMPIAR_2                         000000B2
LIMPIAR_3                         000000E4
LTS                               00000001
MC1OUT                            00000007
MC2OUT                            00000006
MSK                               00000093
MSK0                              00000000
MSK1                              00000001
MSK2                              00000002
MSK3                              00000003
MSK4                              00000004
MSK5                              00000005
MSK6                              00000006
MSK7                              00000007
NOT_A                             00000005
NOT_ADDRESS                       00000005
NOT_BO                            00000000
NOT_BOR                           00000000
NOT_DONE                          00000001
NOT_PD                            00000003
NOT_POR                           00000001
NOT_RBPU                          00000007
NOT_RC8                           00000006
NOT_T1SYNC                        00000002
NOT_TO                            00000004
NOT_TX8                           00000006
NOT_W                             00000002
MPASM  5.51                  PLANTILLA_11.ASM   4-18-2022  8:45:12         PAGE 13


SYMBOL TABLE
  LABEL                             VALUE 

NOT_WRITE                         00000002
OERR                              00000001
OPTION_REG                        00000081
OSCCON                            0000008F
OSCTUNE                           00000090
OSFIE                             00000007
OSFIF                             00000007
OSTS                              00000003
P                                 00000004
P1M0                              00000006
P1M1                              00000007
PCL                               00000002
PCLATH                            0000000A
PCON                              0000008E
PDC0                              00000000
PDC1                              00000001
PDC2                              00000002
PDC3                              00000003
PDC4                              00000004
PDC5                              00000005
PDC6                              00000006
PEIE                              00000006
PEN                               00000002
PIE1                              0000008C
PIE2                              0000008D
PIR1                              0000000C
PIR2                              0000000D
PORTA                             00000005
PORTB                             00000006
PORTC                             00000007
PORTD                             00000008
PORTE                             00000009
PR2                               00000092
PROCEDI                           0000002E
PROCEDI_1                         0000005C
PROCEDI_2                         0000008E
PROCEDI_3                         000000BC
PRSEN                             00000007
PS0                               00000000
PS1                               00000001
PS2                               00000002
PSA                               00000003
PSSAC0                            00000002
PSSAC1                            00000003
PSSBD0                            00000000
PSSBD1                            00000001
PSTRCON                           0000009D
PULSR                             00000002
PULSS                             00000003
PWM1CON                           0000009B
R                                 00000002
RA0                               00000000
RA1                               00000001
MPASM  5.51                  PLANTILLA_11.ASM   4-18-2022  8:45:12         PAGE 14


SYMBOL TABLE
  LABEL                             VALUE 

RA2                               00000002
RA3                               00000003
RA4                               00000004
RA5                               00000005
RA6                               00000006
RA7                               00000007
RB0                               00000000
RB1                               00000001
RB2                               00000002
RB3                               00000003
RB4                               00000004
RB5                               00000005
RB6                               00000006
RB7                               00000007
RBIE                              00000003
RBIF                              00000000
RC0                               00000000
RC1                               00000001
RC2                               00000002
RC3                               00000003
RC4                               00000004
RC5                               00000005
RC6                               00000006
RC7                               00000007
RC8_9                             00000006
RC9                               00000006
RCD8                              00000000
RCEN                              00000003
RCIDL                             00000006
RCIE                              00000005
RCIF                              00000005
RCREG                             0000001A
RCSTA                             00000018
RD                                00000000
RD0                               00000000
RD1                               00000001
RD2                               00000002
RD3                               00000003
RD4                               00000004
RD5                               00000005
RD6                               00000006
RD7                               00000007
RE0                               00000000
RE1                               00000001
RE2                               00000002
RE3                               00000003
READ_WRITE                        00000002
RETARDO                           000000ED
RP0                               00000005
RP1                               00000006
RSEN                              00000001
RX9                               00000006
RX9D                              00000000
MPASM  5.51                  PLANTILLA_11.ASM   4-18-2022  8:45:12         PAGE 15


SYMBOL TABLE
  LABEL                             VALUE 

R_NOT_W                           00000002
R_W                               00000002
S                                 00000003
SBOREN                            00000004
SCKP                              00000004
SCS                               00000000
SEC_0                             00000021
SEC_1                             00000024
SEC_2                             00000027
SEC_3                             0000002A
SEN                               00000000
SENDB                             00000003
SMP                               00000007
SPBRG                             00000099
SPBRGH                            0000009A
SPEN                              00000007
SR0                               00000006
SR1                               00000007
SRCON                             00000185
SREN                              00000005
SSPADD                            00000093
SSPBUF                            00000013
SSPCON                            00000014
SSPCON2                           00000091
SSPEN                             00000005
SSPIE                             00000003
SSPIF                             00000003
SSPM0                             00000000
SSPM1                             00000001
SSPM2                             00000002
SSPM3                             00000003
SSPMSK                            00000093
SSPOV                             00000006
SSPSTAT                           00000094
STATUS                            00000003
STRA                              00000000
STRB                              00000001
STRC                              00000002
STRD                              00000003
STRSYNC                           00000004
SWDTEN                            00000000
SYNC                              00000004
T0CS                              00000005
T0IE                              00000005
T0IF                              00000002
T0SE                              00000004
T1CKPS0                           00000004
T1CKPS1                           00000005
T1CON                             00000010
T1GINV                            00000007
T1GIV                             00000007
T1GSS                             00000001
T1INSYNC                          00000002
MPASM  5.51                  PLANTILLA_11.ASM   4-18-2022  8:45:12         PAGE 16


SYMBOL TABLE
  LABEL                             VALUE 

T1OSCEN                           00000003
T1SYNC                            00000002
T2CKPS0                           00000000
T2CKPS1                           00000001
T2CON                             00000012
TABLA                             00000047
TABLA_1                           0000003C
TABLA_21                          0000006A
TABLA_22                          00000077
TABLA_31                          0000009C
TABLA_32                          000000A7
TABLA_41                          000000CA
TABLA_42                          000000D7
TMR0                              00000001
TMR0IE                            00000005
TMR0IF                            00000002
TMR1                              0000000E
TMR1CS                            00000001
TMR1GE                            00000006
TMR1H                             0000000F
TMR1IE                            00000000
TMR1IF                            00000000
TMR1L                             0000000E
TMR1ON                            00000000
TMR2                              00000011
TMR2IE                            00000001
TMR2IF                            00000001
TMR2ON                            00000002
TOUTPS0                           00000003
TOUTPS1                           00000004
TOUTPS2                           00000005
TOUTPS3                           00000006
TRISA                             00000085
TRISA0                            00000000
TRISA1                            00000001
TRISA2                            00000002
TRISA3                            00000003
TRISA4                            00000004
TRISA5                            00000005
TRISA6                            00000006
TRISA7                            00000007
TRISB                             00000086
TRISB0                            00000000
TRISB1                            00000001
TRISB2                            00000002
TRISB3                            00000003
TRISB4                            00000004
TRISB5                            00000005
TRISB6                            00000006
TRISB7                            00000007
TRISC                             00000087
TRISC0                            00000000
TRISC1                            00000001
MPASM  5.51                  PLANTILLA_11.ASM   4-18-2022  8:45:12         PAGE 17


SYMBOL TABLE
  LABEL                             VALUE 

TRISC2                            00000002
TRISC3                            00000003
TRISC4                            00000004
TRISC5                            00000005
TRISC6                            00000006
TRISC7                            00000007
TRISD                             00000088
TRISD0                            00000000
TRISD1                            00000001
TRISD2                            00000002
TRISD3                            00000003
TRISD4                            00000004
TRISD5                            00000005
TRISD6                            00000006
TRISD7                            00000007
TRISE                             00000089
TRISE0                            00000000
TRISE1                            00000001
TRISE2                            00000002
TRISE3                            00000003
TRMT                              00000001
TUN0                              00000000
TUN1                              00000001
TUN2                              00000002
TUN3                              00000003
TUN4                              00000004
TX8_9                             00000006
TX9                               00000006
TX9D                              00000000
TXD8                              00000000
TXEN                              00000005
TXIE                              00000004
TXIF                              00000004
TXREG                             00000019
TXSTA                             00000098
UA                                00000001
ULPWUE                            00000005
ULPWUIE                           00000002
ULPWUIF                           00000002
ULTI                              0000002D
ULTI_1                            0000005B
ULTI_2                            0000008D
ULTI_3                            000000BB
VCFG0                             00000004
VCFG1                             00000005
VR0                               00000000
VR1                               00000001
VR2                               00000002
VR3                               00000003
VRCON                             00000097
VREN                              00000007
VROE                              00000006
VRR                               00000005
MPASM  5.51                  PLANTILLA_11.ASM   4-18-2022  8:45:12         PAGE 18


SYMBOL TABLE
  LABEL                             VALUE 

VRSS                              00000004
W                                 00000000
WCOL                              00000007
WDTCON                            00000105
WDTPS0                            00000001
WDTPS1                            00000002
WDTPS2                            00000003
WDTPS3                            00000004
WPUB                              00000095
WPUB0                             00000000
WPUB1                             00000001
WPUB2                             00000002
WPUB3                             00000003
WPUB4                             00000004
WPUB5                             00000005
WPUB6                             00000006
WPUB7                             00000007
WR                                00000001
WREN                              00000002
WRERR                             00000003
WUE                               00000001
Z                                 00000002
_BOR21V                           00003EFF
_BOR40V                           00003FFF
_BOR4V_BOR21V                     00003EFF
_BOR4V_BOR40V                     00003FFF
_BOREN_NSLEEP                     00003EFF
_BOREN_OFF                        00003CFF
_BOREN_ON                         00003FFF
_BOREN_SBODEN                     00003DFF
_BOR_NSLEEP                       00003EFF
_BOR_OFF                          00003CFF
_BOR_ON                           00003FFF
_BOR_SBODEN                       00003DFF
_CONFIG1                          00002007
_CONFIG2                          00002008
_CPD_OFF                          00003FFF
_CPD_ON                           00003F7F
_CP_OFF                           00003FFF
_CP_ON                            00003FBF
_DEBUG_OFF                        00003FFF
_DEBUG_ON                         00001FFF
_DEVID1                           00002006
_EC_OSC                           00003FFB
_EXTRC                            00003FFF
_EXTRCIO                          00003FFE
_EXTRC_OSC_CLKOUT                 00003FFF
_EXTRC_OSC_NOCLKOUT               00003FFE
_FCMEN_OFF                        000037FF
_FCMEN_ON                         00003FFF
_FOSC_EC                          00003FFB
_FOSC_EXTRC_CLKOUT                00003FFF
_FOSC_EXTRC_NOCLKOUT              00003FFE
MPASM  5.51                  PLANTILLA_11.ASM   4-18-2022  8:45:12         PAGE 19


SYMBOL TABLE
  LABEL                             VALUE 

_FOSC_HS                          00003FFA
_FOSC_INTRC_CLKOUT                00003FFD
_FOSC_INTRC_NOCLKOUT              00003FFC
_FOSC_LP                          00003FF8
_FOSC_XT                          00003FF9
_HS_OSC                           00003FFA
_IDLOC0                           00002000
_IDLOC1                           00002001
_IDLOC2                           00002002
_IDLOC3                           00002003
_IESO_OFF                         00003BFF
_IESO_ON                          00003FFF
_INTOSC                           00003FFD
_INTOSCIO                         00003FFC
_INTRC_OSC_CLKOUT                 00003FFD
_INTRC_OSC_NOCLKOUT               00003FFC
_LP_OSC                           00003FF8
_LVP_OFF                          00002FFF
_LVP_ON                           00003FFF
_MCLRE_OFF                        00003FDF
_MCLRE_ON                         00003FFF
_PWRTE_OFF                        00003FFF
_PWRTE_ON                         00003FEF
_WDTE_OFF                         00003FF7
_WDTE_ON                          00003FFF
_WDT_OFF                          00003FF7
_WDT_ON                           00003FFF
_WRT_1FOURTH                      00003BFF
_WRT_256                          00003DFF
_WRT_HALF                         000039FF
_WRT_OFF                          00003FFF
_XT_OSC                           00003FF9
__16F887                          00000001
__DEBUG                           1
config_port                       00000002
loop                              000000F3


MEMORY USAGE MAP ('X' = Used,  '-' = Unused)

0000 : XXXXXXXXXXXXXXXX XXXXXXXXXXXXXXXX XXXXXXXXXXXXXXXX XXXXXXXXXXXXXXXX
0040 : XXXXXXXXXXXXXXXX XXXXXXXXXXXXXXXX XXXXXXXXXXXXXXXX XXXXXXXXXXXXXXXX
0080 : XXXXXXXXXXXXXXXX XXXXXXXXXXXXXXXX XXXXXXXXXXXXXXXX XXXXXXXXXXXXXXXX
00C0 : XXXXXXXXXXXXXXXX XXXXXXXXXXXXXXXX XXXXXXXXXXXXXXXX XXXXXXXXXXX-----
2000 : -------XX------- ---------------- ---------------- ----------------

All other memory blocks unused.

Program Memory Words Used:   251
Program Memory Words Free:  7941

MPASM  5.51                  PLANTILLA_11.ASM   4-18-2022  8:45:12         PAGE 20






Errors   :     0
Warnings :     2 reported,     0 suppressed
Messages :     6 reported,     0 suppressed

