MPASM  5.51                  PLANTILLA_13.ASM   4-29-2022  22:37:16         PAGE  1


LOC  OBJECT CODE     LINE SOURCE TEXT
  VALUE

                      00001 ;**********************************************************************
                      00002         ;                                                                     *
                      00003         ;    Filename:      xxx.asm                                           *
                      00004         ;    Date:     30 de ABRIL  2021                                     *
                      00005         ;    File Version:                                                    *
                      00006         ;                                                                     *
                      00007         ;    Author:   Jose Luis Ruiz Chavez                                  *
                      00008         ;    Company:   Sistemas Digitales                                    *
                      00009         ;                                                                     *
                      00010         ;                                                                     *
                      00011         ;**********************************************************************
                      00012         ;                                                                     *
                      00013         ;    Files Required: P16F887.INC                                      *
                      00014         ;                                                                     *
                      00015         ;**********************************************************************
                      00016         ;                                                                     *
                      00017         ;    Notes:                                                           *
                      00018         ;                                                                     *
                      00019         ;**********************************************************************
                      00020         list            p=16f887        ; list directive to define processor
                      00021         #include        <p16f887.inc>   ; processor specific variable definitions
                      00001         LIST
                      00002 
                      00003 ;==========================================================================
                      00004 ;  MPASM PIC16F887 processor include
                      00005 ; 
                      00006 ;  (c) Copyright 1999-2013 Microchip Technology, All rights reserved
                      00007 ;==========================================================================
                      00008 
                      00809         LIST
                      00022 
2007   28E4           00023         __CONFIG    _CONFIG1, _LVP_OFF & _FCMEN_ON & _IESO_OFF & _BOR_OFF & _CPD_OFF & _CP_OFF & _MCLRE_
                            ON & _PWRTE_ON & _WDT_OFF & _INTRC_OSC_NOCLKOUT
2008   3EFF           00024         __CONFIG    _CONFIG2, _WRT_OFF & _BOR21V
                      00025 
                      00026         CBLOCK 0X20                                                                     ; Direcci? De Me
                            moria Para Las Variables
  00000020            00027                 T1, T2, T3                                      ; Variable Para El Retardo
  00000023            00028                 W_RES, STATUS_RES                                               ; Variables Para El Prog
                            rama
  00000025            00029                 CONT, PUNTERO, HABILITA                                 ; Variables Para El Programa
  00000028            00030                 CONVE, CONVEX                                                   ; Variables Para El Prog
                            rama    
                      00031         ENDC                                                                            ; Fin De Bloque 
                            De Librer?as 
                      00032 
0000                  00033         ORG 0X00                                                                        ; Inicio Del Pro
                            grama
0000   2805           00034                 GOTO                    CONFIGURACION                   ; Etiqueta Configuraci?n
0004                  00035         ORG 0X04                                                                        ; Dirreci?n de l
                            a Interrupcion
0004   281F           00036                 GOTO                    INTERRUPCION                    ; Etiqueta Interrupcion
                      00037 
MPASM  5.51                  PLANTILLA_13.ASM   4-29-2022  22:37:16         PAGE  2


LOC  OBJECT CODE     LINE SOURCE TEXT
  VALUE

Warning[207]: Found label after column 1. (CONFIGURACION)
0005                  00038         CONFIGURACION:
0005   0103           00039                         CLRW                                                            ; Limpiar W (Pon
                            er en 0's)
0006   1683           00040                         BSF                             STATUS, RP0             ; RP0 = Registro 1 de st
                            atus
0007   3000           00041                         MOVLW                           0X00                    ; 00000000
Message[302]: Register in operand not in bank 0.  Ensure that bank bits are correct.
0008   0086           00042                         MOVWF                           TRISB                   ; Puerto B Como Salida
0009   30F0           00043                         MOVLW                           0XF0                            ; 11110000
Message[302]: Register in operand not in bank 0.  Ensure that bank bits are correct.
000A   0085           00044                         MOVWF                           TRISA                   ; Puerto A como Entrada 
                            y Salida
000B   1283           00045                         BCF                                     STATUS, RP0             ; RP0 = Registro
                             Status
000C   0185           00046                         CLRF                            PORTA                   ; Limpiar PORTA (Poner e
                            n 0's)
000D   0186           00047                         CLRF                            PORTB                   ; Limpiar PORTB (Poner e
                            n 0's)
000E   15A7           00048                         BSF                                     HABILITA,3              ; Poner En 1 El 
                            Bit 3 De Habilita
                      00049 
Warning[207]: Found label after column 1. (CONFI_TMR0)
000F                  00050         CONFI_TMR0:
000F   30A0           00051                         MOVLW                           b'10100000'             ; Configurar TMR0
                      00052         
Warning[207]: Found label after column 1. (INTCONN)
0010                  00053         INTCONN:
0010   008B           00054                         MOVWF                           INTCON                  ; Asignaci?n  De Valores
                             A Las Banderas Del Registro
0011   1683           00055                         BSF                                     STATUS, RP0
0012   3082           00056                         MOVLW                           b'10000010'             ; Configurar OPTION_REG
                      00057 
Warning[207]: Found label after column 1. (OPTION_REGG)
0013                  00058         OPTION_REGG:
Message[302]: Register in operand not in bank 0.  Ensure that bank bits are correct.
0013   0081           00059                         MOVWF                           OPTION_REG              ; Asignaci?n De Valores 
                            A Las Banderas Del Registro
0014   1283           00060                         BCF                                     STATUS, RP0     
0015   01A5           00061                         CLRF                            CONT                    ; Limpiar La Variable CO
                            NT
0016   01A6           00062                         CLRF                            PUNTERO                 ; Limpiar La Variable PU
                            NTERO
                      00063 
Warning[207]: Found label after column 1. (INICIO)
0017                  00064         INICIO:
0017   2058           00065                         CALL                            RETARDO                 ; Mandar A Llamar Subrut
                            ina RETARDO
0018   0AA6           00066                         INCF                            PUNTERO, 1              ; PUNTERO =PUNTERO+1
0019   0826           00067                         MOVF                            PUNTERO, 0              ; W = PUNTERO
001A   3C19           00068                         SUBLW                           0x19                            ; Resta 36 A W
001B   1D03           00069                         BTFSS                           STATUS, Z               ; Verifica SI Z == 1
001C   2817           00070                         GOTO                            INICIO                  ; No (Se Va A Inicio)
MPASM  5.51                  PLANTILLA_13.ASM   4-29-2022  22:37:16         PAGE  3


LOC  OBJECT CODE     LINE SOURCE TEXT
  VALUE

001D   01A6           00071                         CLRF                            PUNTERO                 ; Si (Limpia La Variable
                             PUNTERO)
001E   2817           00072                         GOTO                            INICIO                  ; Se Va Inicio
                      00073 
                      00074 
Warning[207]: Found label after column 1. (INTERRUPCION)
001F                  00075         INTERRUPCION:
001F   00A3           00076                         MOVWF                           W_RES                   ; Mueve W a W_REs
0020   0E03           00077                         SWAPF                           STATUS, W               ; Intercambia STATUS En 
                            W
0021   00A4           00078                         MOVWF                           STATUS_RES              ; W = STATUS_RES
0022   0825           00079                         MOVF                            CONT, 0                 ; Mueve Cont A W
0023   3C04           00080                         SUBLW                           0X04                    ; Resta 4 A W
0024   1D03           00081                         BTFSS                           STATUS, Z               ; Verifica Si Z == 1
0025   2829           00082                         GOTO                            CICLO                   ; No (Se Va A Ciclo)
0026   01A5           00083                         CLRF                            CONT                    ; Si (Se Limpia Contador
                            )
0027   01A7           00084                         CLRF                            HABILITA                        ; Se Limpia HABI
                            LITA
0028   15A7           00085                         BSF                                     HABILITA, 3             ; Se Pone En 1 E
                            l Bit 3 De HABILITA
                      00086 
Warning[207]: Found label after column 1. (CICLO)
0029                  00087         CICLO:
0029   0825           00088                         MOVF                            CONT,0                  ; Mueve CONT A W
002A   0726           00089                         ADDWF                           PUNTERO,0               ; Suma Puntero A W
002B   203B           00090                         CALL                            TABLA                   ; Manda A Llamar TABLA
002C   00A8           00091                         MOVWF                           CONVE                           ; Variable Para 
                            Invertir
002D   0928           00092                         COMF                            CONVE,W                 ; Hace Cl Complemento De
                             La Salida
002E   0086           00093                         MOVWF                           PORTB                   ; Se Muestra El Resultad
                            o En PUERTB
002F   0827           00094                         MOVF                            HABILITA,0              ; W <- HABILITA
0030   00A9           00095                         MOVWF                           CONVEX                  ; Variable para invertir
0031   0929           00096                         COMF                            CONVEX,W                ; Hace el complemento de
                             la salida
0032   0085           00097                         MOVWF                           PORTA                   ; Se Muestra En PUERTA
0033   0AA5           00098                         INCF                            CONT,1                  ; CONT = CONT+1
0034   0CA7           00099                         RRF                                     HABILITA,F              ; Rota Hacia La 
                            Derecha HABILITA
0035   0E24           00100                         SWAPF                           STATUS_RES,W    ; W = SWAP(STATUS_RES)
0036   0083           00101                         MOVWF                           STATUS                  ; W = STATUS
Warning[202]: Argument out of range.  Least significant bits used.
0037   0EA3           00102                         SWAPF                           W_RES,W_RES             ; W_RES = SWAPF(W_RES)
0038   0E23           00103                         SWAPF                           W_RES,W                 ; W = SWAPF(W_RES)
0039   110B           00104                         BCF                                     INTCON, T0IF            ; Limpia El Bit 
                            T0IF Del Registro INTCON
003A   0009           00105                         RETFIE                                                          ; Termina La Int
                            errupci?n
                      00106 
003B                  00107 TABLA
003B   0782           00108         ADDWF                           PCL, 1                                  ; PCL = W + PCL
MPASM  5.51                  PLANTILLA_13.ASM   4-29-2022  22:37:16         PAGE  4


LOC  OBJECT CODE     LINE SOURCE TEXT
  VALUE

003C   34FF           00109                         RETLW   b'11111111'     ; ESPACIO
003D   3489           00110                         RETLW   b'10001001';H
003E   34C0           00111                         RETLW   b'11000000';O
003F   34C7           00112                         RETLW   b'11000111';L
0040   3488           00113                         RETLW   b'10001000';A
0041   34FF           00114                         RETLW   b'11111111';ESPACIO
0042   3411           00115                         RETLW   b'00010001';y
0043   34C0           00116                         RETLW   b'11000000';O
0044   34FF           00117                         RETLW   b'11111111';ESPACIO
0045   3492           00118                         RETLW   b'10010010';S
0046   34C0           00119                         RETLW   b'11000000';O
0047   3411           00120                         RETLW   b'00010001';y
0048   34FF           00121                         RETLW   b'11111111';ESPACIO
0049   34E1           00122                         RETLW   b'11100001';J
004A   3488           00123                         RETLW   b'10001000';A
004B   34F9           00124                         RETLW   b'11111001';I
004C   34CE           00125                         RETLW   b'11001110';R
004D   34FF           00126                         RETLW   b'11111111';ESPACIO
004E   348C           00127                         RETLW   b'10001100';P
004F   3488           00128                         RETLW   b'10001000';A
0050   34C7           00129                         RETLW   b'11000111';L
0051   34C0           00130                         RETLW   b'11000000';O
0052   3492           00131                         RETLW   b'10010010';S
0053   34FF           00132                         RETLW   b'11111111'; ESPACIO
0054   34CF           00133                         RETLW   b'11001111';I
0055   34C6           00134                         RETLW   b'11000110';C
0056   34C0           00135                         RETLW   b'11000000';O
0057   34FF           00136                         RETLW   b'11111111'; ESPACIO
                      00137 
                      00138 
                      00139 
                      00140 
Warning[207]: Found label after column 1. (RETARDO)
0058                  00141         RETARDO                                                                         ; Etiqueta para 
                            el retardo
0058   3004           00142                     MOVLW    D'4'                                               ; Retraso de 1 milisegun
                            do
0059   00A0           00143                     MOVWF    T1                                                 ; Mueve a la variable T1
Warning[207]: Found label after column 1. (LOOP1)
005A                  00144         LOOP1
005A   309B           00145                     MOVLW    D'155'                                             ; Carga el valor en deci
                            mal de 40 ciclos
005B   00A1           00146                     MOVWF    T2                                                 ; Lo mueve a la variable
                             T2
Warning[207]: Found label after column 1. (LOOP2)
005C                  00147         LOOP2
005C   30CF           00148                     MOVLW    D'207'                                     ; Carga el valor en decimal de 3
                            0 ciclos
005D   00A2           00149                     MOVWF    T3                                                 ; Lo mueve a la variable
                             T3
Warning[207]: Found label after column 1. (LOOP3)
005E                  00150         LOOP3
005E   0BA2           00151                     DECFSZ   T3, 1                                              ; Decrementa el registro
MPASM  5.51                  PLANTILLA_13.ASM   4-29-2022  22:37:16         PAGE  5


LOC  OBJECT CODE     LINE SOURCE TEXT
  VALUE

                             y salta si es cero
005F   285E           00152                     GOTO     LOOP3                                              ; Lo env?a al loop3
0060   0BA1           00153                     DECFSZ   T2, 1                                          ; Decrementa el registro y s
                            alta si es cero
0061   285C           00154                     GOTO     LOOP2                                          ; Si no lo env?a al loop2
0062   0BA0           00155                     DECFSZ   T1, 1                                              ; Decrementa si es cero 
                            salta
0063   285A           00156                     GOTO     LOOP1                                      ; Si no lo env?a al loop1
0064   0008           00157                     RETURN                              ; Repite la instrucci?n
                      00158        END
MPASM  5.51                  PLANTILLA_13.ASM   4-29-2022  22:37:16         PAGE  6


SYMBOL TABLE
  LABEL                             VALUE 

ABDEN                             00000000
ABDOVF                            00000007
ACKDT                             00000005
ACKEN                             00000004
ACKSTAT                           00000006
ADCON0                            0000001F
ADCON1                            0000009F
ADCS0                             00000006
ADCS1                             00000007
ADDEN                             00000003
ADFM                              00000007
ADIE                              00000006
ADIF                              00000006
ADON                              00000000
ADRESH                            0000001E
ADRESL                            0000009E
ANS0                              00000000
ANS1                              00000001
ANS10                             00000002
ANS11                             00000003
ANS12                             00000004
ANS13                             00000005
ANS2                              00000002
ANS3                              00000003
ANS4                              00000004
ANS5                              00000005
ANS6                              00000006
ANS7                              00000007
ANS8                              00000000
ANS9                              00000001
ANSEL                             00000188
ANSELH                            00000189
BAUDCTL                           00000187
BCLIE                             00000003
BCLIF                             00000003
BF                                00000000
BRG0                              00000000
BRG1                              00000001
BRG10                             00000002
BRG11                             00000003
BRG12                             00000004
BRG13                             00000005
BRG14                             00000006
BRG15                             00000007
BRG16                             00000003
BRG2                              00000002
BRG3                              00000003
BRG4                              00000004
BRG5                              00000005
BRG6                              00000006
BRG7                              00000007
BRG8                              00000000
BRG9                              00000001
MPASM  5.51                  PLANTILLA_13.ASM   4-29-2022  22:37:16         PAGE  7


SYMBOL TABLE
  LABEL                             VALUE 

BRGH                              00000002
C                                 00000000
C1CH0                             00000000
C1CH1                             00000001
C1IE                              00000005
C1IF                              00000005
C1OE                              00000005
C1ON                              00000007
C1OUT                             00000006
C1POL                             00000004
C1R                               00000002
C1RSEL                            00000005
C1SEN                             00000005
C2CH0                             00000000
C2CH1                             00000001
C2IE                              00000006
C2IF                              00000006
C2OE                              00000005
C2ON                              00000007
C2OUT                             00000006
C2POL                             00000004
C2R                               00000002
C2REN                             00000004
C2RSEL                            00000004
C2SYNC                            00000000
CCP1CON                           00000017
CCP1IE                            00000002
CCP1IF                            00000002
CCP1M0                            00000000
CCP1M1                            00000001
CCP1M2                            00000002
CCP1M3                            00000003
CCP1X                             00000005
CCP1Y                             00000004
CCP2CON                           0000001D
CCP2IE                            00000000
CCP2IF                            00000000
CCP2M0                            00000000
CCP2M1                            00000001
CCP2M2                            00000002
CCP2M3                            00000003
CCP2X                             00000005
CCP2Y                             00000004
CCPR1                             00000015
CCPR1H                            00000016
CCPR1L                            00000015
CCPR2                             0000001B
CCPR2H                            0000001C
CCPR2L                            0000001B
CHS0                              00000002
CHS1                              00000003
CHS2                              00000004
CHS3                              00000005
MPASM  5.51                  PLANTILLA_13.ASM   4-29-2022  22:37:16         PAGE  8


SYMBOL TABLE
  LABEL                             VALUE 

CICLO                             00000029
CKE                               00000006
CKP                               00000004
CM1CON0                           00000107
CM2CON0                           00000108
CM2CON1                           00000109
CONFIGURACION                     00000005
CONFI_TMR0                        0000000F
CONT                              00000025
CONVE                             00000028
CONVEX                            00000029
CREN                              00000004
CSRC                              00000007
D                                 00000005
DATA_ADDRESS                      00000005
DC                                00000001
DC1B0                             00000004
DC1B1                             00000005
DC2B0                             00000004
DC2B1                             00000005
D_A                               00000005
D_NOT_A                           00000005
ECCPAS                            0000009C
ECCPAS0                           00000004
ECCPAS1                           00000005
ECCPAS2                           00000006
ECCPASE                           00000007
EEADR                             0000010D
EEADRH                            0000010F
EECON1                            0000018C
EECON2                            0000018D
EEDAT                             0000010C
EEDATA                            0000010C
EEDATH                            0000010E
EEIE                              00000004
EEIF                              00000004
EEPGD                             00000007
F                                 00000001
FERR                              00000002
FSR                               00000004
FVREN                             00000000
GCEN                              00000007
GIE                               00000007
GO                                00000001
GO_DONE                           00000001
GO_NOT_DONE                       00000001
HABILITA                          00000027
HTS                               00000002
I2C_DATA                          00000005
I2C_READ                          00000002
I2C_START                         00000003
I2C_STOP                          00000004
INDF                              00000000
MPASM  5.51                  PLANTILLA_13.ASM   4-29-2022  22:37:16         PAGE  9


SYMBOL TABLE
  LABEL                             VALUE 

INICIO                            00000017
INTCON                            0000000B
INTCONN                           00000010
INTE                              00000004
INTEDG                            00000006
INTERRUPCION                      0000001F
INTF                              00000001
IOCB                              00000096
IOCB0                             00000000
IOCB1                             00000001
IOCB2                             00000002
IOCB3                             00000003
IOCB4                             00000004
IOCB5                             00000005
IOCB6                             00000006
IOCB7                             00000007
IRCF0                             00000004
IRCF1                             00000005
IRCF2                             00000006
IRP                               00000007
LOOP1                             0000005A
LOOP2                             0000005C
LOOP3                             0000005E
LTS                               00000001
MC1OUT                            00000007
MC2OUT                            00000006
MSK                               00000093
MSK0                              00000000
MSK1                              00000001
MSK2                              00000002
MSK3                              00000003
MSK4                              00000004
MSK5                              00000005
MSK6                              00000006
MSK7                              00000007
NOT_A                             00000005
NOT_ADDRESS                       00000005
NOT_BO                            00000000
NOT_BOR                           00000000
NOT_DONE                          00000001
NOT_PD                            00000003
NOT_POR                           00000001
NOT_RBPU                          00000007
NOT_RC8                           00000006
NOT_T1SYNC                        00000002
NOT_TO                            00000004
NOT_TX8                           00000006
NOT_W                             00000002
NOT_WRITE                         00000002
OERR                              00000001
OPTION_REG                        00000081
OPTION_REGG                       00000013
OSCCON                            0000008F
MPASM  5.51                  PLANTILLA_13.ASM   4-29-2022  22:37:16         PAGE 10


SYMBOL TABLE
  LABEL                             VALUE 

OSCTUNE                           00000090
OSFIE                             00000007
OSFIF                             00000007
OSTS                              00000003
P                                 00000004
P1M0                              00000006
P1M1                              00000007
PCL                               00000002
PCLATH                            0000000A
PCON                              0000008E
PDC0                              00000000
PDC1                              00000001
PDC2                              00000002
PDC3                              00000003
PDC4                              00000004
PDC5                              00000005
PDC6                              00000006
PEIE                              00000006
PEN                               00000002
PIE1                              0000008C
PIE2                              0000008D
PIR1                              0000000C
PIR2                              0000000D
PORTA                             00000005
PORTB                             00000006
PORTC                             00000007
PORTD                             00000008
PORTE                             00000009
PR2                               00000092
PRSEN                             00000007
PS0                               00000000
PS1                               00000001
PS2                               00000002
PSA                               00000003
PSSAC0                            00000002
PSSAC1                            00000003
PSSBD0                            00000000
PSSBD1                            00000001
PSTRCON                           0000009D
PULSR                             00000002
PULSS                             00000003
PUNTERO                           00000026
PWM1CON                           0000009B
R                                 00000002
RA0                               00000000
RA1                               00000001
RA2                               00000002
RA3                               00000003
RA4                               00000004
RA5                               00000005
RA6                               00000006
RA7                               00000007
RB0                               00000000
MPASM  5.51                  PLANTILLA_13.ASM   4-29-2022  22:37:16         PAGE 11


SYMBOL TABLE
  LABEL                             VALUE 

RB1                               00000001
RB2                               00000002
RB3                               00000003
RB4                               00000004
RB5                               00000005
RB6                               00000006
RB7                               00000007
RBIE                              00000003
RBIF                              00000000
RC0                               00000000
RC1                               00000001
RC2                               00000002
RC3                               00000003
RC4                               00000004
RC5                               00000005
RC6                               00000006
RC7                               00000007
RC8_9                             00000006
RC9                               00000006
RCD8                              00000000
RCEN                              00000003
RCIDL                             00000006
RCIE                              00000005
RCIF                              00000005
RCREG                             0000001A
RCSTA                             00000018
RD                                00000000
RD0                               00000000
RD1                               00000001
RD2                               00000002
RD3                               00000003
RD4                               00000004
RD5                               00000005
RD6                               00000006
RD7                               00000007
RE0                               00000000
RE1                               00000001
RE2                               00000002
RE3                               00000003
READ_WRITE                        00000002
RETARDO                           00000058
RP0                               00000005
RP1                               00000006
RSEN                              00000001
RX9                               00000006
RX9D                              00000000
R_NOT_W                           00000002
R_W                               00000002
S                                 00000003
SBOREN                            00000004
SCKP                              00000004
SCS                               00000000
SEN                               00000000
MPASM  5.51                  PLANTILLA_13.ASM   4-29-2022  22:37:16         PAGE 12


SYMBOL TABLE
  LABEL                             VALUE 

SENDB                             00000003
SMP                               00000007
SPBRG                             00000099
SPBRGH                            0000009A
SPEN                              00000007
SR0                               00000006
SR1                               00000007
SRCON                             00000185
SREN                              00000005
SSPADD                            00000093
SSPBUF                            00000013
SSPCON                            00000014
SSPCON2                           00000091
SSPEN                             00000005
SSPIE                             00000003
SSPIF                             00000003
SSPM0                             00000000
SSPM1                             00000001
SSPM2                             00000002
SSPM3                             00000003
SSPMSK                            00000093
SSPOV                             00000006
SSPSTAT                           00000094
STATUS                            00000003
STATUS_RES                        00000024
STRA                              00000000
STRB                              00000001
STRC                              00000002
STRD                              00000003
STRSYNC                           00000004
SWDTEN                            00000000
SYNC                              00000004
T0CS                              00000005
T0IE                              00000005
T0IF                              00000002
T0SE                              00000004
T1                                00000020
T1CKPS0                           00000004
T1CKPS1                           00000005
T1CON                             00000010
T1GINV                            00000007
T1GIV                             00000007
T1GSS                             00000001
T1INSYNC                          00000002
T1OSCEN                           00000003
T1SYNC                            00000002
T2                                00000021
T2CKPS0                           00000000
T2CKPS1                           00000001
T2CON                             00000012
T3                                00000022
TABLA                             0000003B
TMR0                              00000001
MPASM  5.51                  PLANTILLA_13.ASM   4-29-2022  22:37:16         PAGE 13


SYMBOL TABLE
  LABEL                             VALUE 

TMR0IE                            00000005
TMR0IF                            00000002
TMR1                              0000000E
TMR1CS                            00000001
TMR1GE                            00000006
TMR1H                             0000000F
TMR1IE                            00000000
TMR1IF                            00000000
TMR1L                             0000000E
TMR1ON                            00000000
TMR2                              00000011
TMR2IE                            00000001
TMR2IF                            00000001
TMR2ON                            00000002
TOUTPS0                           00000003
TOUTPS1                           00000004
TOUTPS2                           00000005
TOUTPS3                           00000006
TRISA                             00000085
TRISA0                            00000000
TRISA1                            00000001
TRISA2                            00000002
TRISA3                            00000003
TRISA4                            00000004
TRISA5                            00000005
TRISA6                            00000006
TRISA7                            00000007
TRISB                             00000086
TRISB0                            00000000
TRISB1                            00000001
TRISB2                            00000002
TRISB3                            00000003
TRISB4                            00000004
TRISB5                            00000005
TRISB6                            00000006
TRISB7                            00000007
TRISC                             00000087
TRISC0                            00000000
TRISC1                            00000001
TRISC2                            00000002
TRISC3                            00000003
TRISC4                            00000004
TRISC5                            00000005
TRISC6                            00000006
TRISC7                            00000007
TRISD                             00000088
TRISD0                            00000000
TRISD1                            00000001
TRISD2                            00000002
TRISD3                            00000003
TRISD4                            00000004
TRISD5                            00000005
TRISD6                            00000006
MPASM  5.51                  PLANTILLA_13.ASM   4-29-2022  22:37:16         PAGE 14


SYMBOL TABLE
  LABEL                             VALUE 

TRISD7                            00000007
TRISE                             00000089
TRISE0                            00000000
TRISE1                            00000001
TRISE2                            00000002
TRISE3                            00000003
TRMT                              00000001
TUN0                              00000000
TUN1                              00000001
TUN2                              00000002
TUN3                              00000003
TUN4                              00000004
TX8_9                             00000006
TX9                               00000006
TX9D                              00000000
TXD8                              00000000
TXEN                              00000005
TXIE                              00000004
TXIF                              00000004
TXREG                             00000019
TXSTA                             00000098
UA                                00000001
ULPWUE                            00000005
ULPWUIE                           00000002
ULPWUIF                           00000002
VCFG0                             00000004
VCFG1                             00000005
VR0                               00000000
VR1                               00000001
VR2                               00000002
VR3                               00000003
VRCON                             00000097
VREN                              00000007
VROE                              00000006
VRR                               00000005
VRSS                              00000004
W                                 00000000
WCOL                              00000007
WDTCON                            00000105
WDTPS0                            00000001
WDTPS1                            00000002
WDTPS2                            00000003
WDTPS3                            00000004
WPUB                              00000095
WPUB0                             00000000
WPUB1                             00000001
WPUB2                             00000002
WPUB3                             00000003
WPUB4                             00000004
WPUB5                             00000005
WPUB6                             00000006
WPUB7                             00000007
WR                                00000001
MPASM  5.51                  PLANTILLA_13.ASM   4-29-2022  22:37:16         PAGE 15


SYMBOL TABLE
  LABEL                             VALUE 

WREN                              00000002
WRERR                             00000003
WUE                               00000001
W_RES                             00000023
Z                                 00000002
_BOR21V                           00003EFF
_BOR40V                           00003FFF
_BOR4V_BOR21V                     00003EFF
_BOR4V_BOR40V                     00003FFF
_BOREN_NSLEEP                     00003EFF
_BOREN_OFF                        00003CFF
_BOREN_ON                         00003FFF
_BOREN_SBODEN                     00003DFF
_BOR_NSLEEP                       00003EFF
_BOR_OFF                          00003CFF
_BOR_ON                           00003FFF
_BOR_SBODEN                       00003DFF
_CONFIG1                          00002007
_CONFIG2                          00002008
_CPD_OFF                          00003FFF
_CPD_ON                           00003F7F
_CP_OFF                           00003FFF
_CP_ON                            00003FBF
_DEBUG_OFF                        00003FFF
_DEBUG_ON                         00001FFF
_DEVID1                           00002006
_EC_OSC                           00003FFB
_EXTRC                            00003FFF
_EXTRCIO                          00003FFE
_EXTRC_OSC_CLKOUT                 00003FFF
_EXTRC_OSC_NOCLKOUT               00003FFE
_FCMEN_OFF                        000037FF
_FCMEN_ON                         00003FFF
_FOSC_EC                          00003FFB
_FOSC_EXTRC_CLKOUT                00003FFF
_FOSC_EXTRC_NOCLKOUT              00003FFE
_FOSC_HS                          00003FFA
_FOSC_INTRC_CLKOUT                00003FFD
_FOSC_INTRC_NOCLKOUT              00003FFC
_FOSC_LP                          00003FF8
_FOSC_XT                          00003FF9
_HS_OSC                           00003FFA
_IDLOC0                           00002000
_IDLOC1                           00002001
_IDLOC2                           00002002
_IDLOC3                           00002003
_IESO_OFF                         00003BFF
_IESO_ON                          00003FFF
_INTOSC                           00003FFD
_INTOSCIO                         00003FFC
_INTRC_OSC_CLKOUT                 00003FFD
_INTRC_OSC_NOCLKOUT               00003FFC
_LP_OSC                           00003FF8
MPASM  5.51                  PLANTILLA_13.ASM   4-29-2022  22:37:16         PAGE 16


SYMBOL TABLE
  LABEL                             VALUE 

_LVP_OFF                          00002FFF
_LVP_ON                           00003FFF
_MCLRE_OFF                        00003FDF
_MCLRE_ON                         00003FFF
_PWRTE_OFF                        00003FFF
_PWRTE_ON                         00003FEF
_WDTE_OFF                         00003FF7
_WDTE_ON                          00003FFF
_WDT_OFF                          00003FF7
_WDT_ON                           00003FFF
_WRT_1FOURTH                      00003BFF
_WRT_256                          00003DFF
_WRT_HALF                         000039FF
_WRT_OFF                          00003FFF
_XT_OSC                           00003FF9
__16F887                          00000001
__DEBUG                           1


MEMORY USAGE MAP ('X' = Used,  '-' = Unused)

0000 : X---XXXXXXXXXXXX XXXXXXXXXXXXXXXX XXXXXXXXXXXXXXXX XXXXXXXXXXXXXXXX
0040 : XXXXXXXXXXXXXXXX XXXXXXXXXXXXXXXX XXXXX----------- ----------------
2000 : -------XX------- ---------------- ---------------- ----------------

All other memory blocks unused.

Program Memory Words Used:    98
Program Memory Words Free:  8094


Errors   :     0
Warnings :    12 reported,     0 suppressed
Messages :     3 reported,     0 suppressed

