MPASM  5.51                   PRACTICA_14.ASM   5-13-2022  9:41:54         PAGE  1


LOC  OBJECT CODE     LINE SOURCE TEXT
  VALUE

                      00001 ;**********************************************************************
                      00002 ;                                                                     *
                      00003 ;    Filename:      xxx.asm                                           *
                      00004 ;    Date:                                                            *
                      00005 ;    File Version:                                                    *
                      00006 ;                                                                     *
                      00007 ;    Author: Jair Antonio Palos Hernandez                        *
                      00008 ;    Company: Centro Universitario UAEM Zumpango                      *
                      00009 ;                                                                     *
                      00010 ;                                                                     *
                      00011 ;**********************************************************************
                      00012 ;                                                                     *
                      00013 ;    Notes:  Desplegar un mensaje en 2 lineas de manera que se        *
                      00014 ;                        desplace de izquierda a derecha y/o derecha a            *
                      00015 ;                        izquierda. Ademas hay que emplearse la directiva DT      *
                      00016 ;                                                                     *
                      00017 ;**********************************************************************
                      00018 
                      00019         list            p=16f887                ; list directive to define processor
                      00020         #include        <p16f887.inc>   ; processor specific variable definitions
                      00001         LIST
                      00002 
                      00003 ;==========================================================================
                      00004 ;  MPASM PIC16F887 processor include
                      00005 ; 
                      00006 ;  (c) Copyright 1999-2013 Microchip Technology, All rights reserved
                      00007 ;==========================================================================
                      00008 
                      00809         LIST
                      00021 
2007   28E4           00022         __CONFIG    _CONFIG1, _LVP_OFF & _FCMEN_ON & _IESO_OFF & _BOR_OFF & _CPD_OFF & _CP_OFF & _MCLRE_
                            ON & _PWRTE_ON & _WDT_OFF & _INTRC_OSC_NOCLKOUT
2008   3EFF           00023         __CONFIG    _CONFIG2, _WRT_OFF & _BOR21V
                      00024 
                      00025 ;***** VARIABLE DEFINITIONS
                      00026         CBLOCK          0X020
  00000020            00027                                 CTR1, CTR2, CTR3                                ; VARIABLES DE RETARDO
  00000023            00028                                 CONT, CONT2
                      00029         ENDC
                      00030 
                      00031         #DEFINE         RS      PORTA,0         ; DEFINIMOS AL PIN 0 DEL PUERTO A COMO RS
                      00032         #DEFINE         RW      PORTA,1         ; DEFINIMOS AL PIN 1 DEL PUERTO A COMO RW
                      00033         #DEFINE         E       PORTA,2         ; DEFINIMOS AL PIN 2 DEL PUERTO A COMO E
                      00034         
                      00035 
                      00036 ;**********************************************************************
0000                  00037         ORG             0x00                    ; DIRECTIVA DE RESETEO DEL PROGRAMA
0000   2801           00038         GOTO            PORTS_CONFIG    ; SE VA A RUTINA PORTS_CONFIG (INICIO DEL PROGRAMA)
                      00039         
0001                  00040 PORTS_CONFIG:
0001   1683           00041         BSF             STATUS,RP0              ; ACCESO AL BANCO 1 PARA REGISTROS
0002   1303           00042         BCF             STATUS,RP1              ; TRISA Y TRISB
Message[302]: Register in operand not in bank 0.  Ensure that bank bits are correct.
MPASM  5.51                   PRACTICA_14.ASM   5-13-2022  9:41:54         PAGE  2


LOC  OBJECT CODE     LINE SOURCE TEXT
  VALUE

0003   0185           00043         CLRF            TRISA           ; PINES RB0:RB7 COMO SALIDAS DEL PUERTO A
Message[302]: Register in operand not in bank 0.  Ensure that bank bits are correct.
0004   0186           00044         CLRF            TRISB                   ; PINES RB0:RB7 COMO SALIDAS DEL PUERTO B
                      00045         
0005   1683           00046         BSF             STATUS,RP0
0006   1703           00047         BSF             STATUS,RP1              ; 
Message[302]: Register in operand not in bank 0.  Ensure that bank bits are correct.
0007   0188           00048         CLRF            ANSEL                   ; 
Message[302]: Register in operand not in bank 0.  Ensure that bank bits are correct.
0008   0189           00049         CLRF            ANSELH                  ; 
                      00050 
0009   1283           00051         BCF             STATUS,RP0              ; ACCESO AL BANCO 0, PARA REGISTROS
000A   1303           00052         BCF             STATUS,RP1              ; PORTA Y PORTB
000B   0185           00053         CLRF            PORTA           ; INICIALIZAR EN 0 LOS REGISTROS DE    
000C   0186           00054         CLRF            PORTB           ; PORTA Y PORTB 
                      00055 
                      00056 
000D                  00057 INICIALIZAR_LCD:
000D   3038           00058         MOVLW           0X38                    ; MANDAMOS 0X38 PARA TRABJAR CON LAS DOS LINEAS
000E   2049           00059         CALL            COMANDO                 ; Y LA MATRIZ DE 5X7 DE CADA LETRA
000F   300C           00060         MOVLW           0X0C                    ; MANDAMOS 0X0C PARA PRENDER EL DISPLAY CON
0010   2049           00061         CALL            COMANDO                 ; EL CURSOR APAGADO
0011   3001           00062         MOVLW           0X01                    ; MANDAMOS 0X01 PARA LIMPIAR LA PANTALLA DE
0012   2049           00063         CALL            COMANDO                 ; VISUALIZACION
                      00064 
                      00065 
                      00066 ;*********************************
                      00067 ;    MENSAJE PARA EL DISPLAY     *
                      00068 ;*********************************
0013                  00069 REINICIO:
0013   01A3           00070         CLRF            CONT
                      00071 
0014                  00072 VISUALIZAR:
0014   2055           00073         CALL            RETARDO
0015   308F           00074         MOVLW           0X8F
0016   0723           00075         ADDWF           CONT,0
0017   2049           00076         CALL            COMANDO
0018   0823           00077         MOVF            CONT,0
0019   2029           00078         CALL            TABLA
001A   204C           00079         CALL            DATO
                      00080 
001B   30CF           00081         MOVLW           0XCF
001C   0723           00082         ADDWF           CONT,0
001D   2049           00083         CALL            COMANDO
001E   0823           00084         MOVF            CONT,0
001F   2039           00085         CALL            TABLA2
0020   204C           00086         CALL            DATO
                      00087 
0021   3018           00088         MOVLW           0X18                    ; MANDAMOS 0X01 PARA LIMPIAR LA PANTALLA DE
0022   2049           00089         CALL            COMANDO
                      00090         
0023   0AA3           00091         INCF            CONT,1
0024   300F           00092         MOVLW           D'15'
MPASM  5.51                   PRACTICA_14.ASM   5-13-2022  9:41:54         PAGE  3


LOC  OBJECT CODE     LINE SOURCE TEXT
  VALUE

0025   0623           00093         XORWF           CONT,0
0026   1D03           00094         BTFSS           STATUS,Z
0027   2814           00095                 GOTO    VISUALIZAR
0028   2813           00096                 GOTO    REINICIO
                      00097 
0029                  00098 TABLA:
0029   0782           00099         ADDWF           PCL,1
002A   3450 3472 3461 00100         DT                      "Practica de LCD"
       3463 3474 3469 
       3463 3461 3420 
       3464 3465 3420 
       344C 3443 3444 
0039                  00101 TABLA2:
0039   0782           00102         ADDWF           PCL,1
003A   344A 3461 3469 00103         DT                      "Jair Perdon :( "
       3472 3420 3450 
       3465 3472 3464 
       346F 346E 3420 
       343A 3428 3420 
                      00104 
                      00105 
                      00106 ;*********************************
                      00107 ;   ENVIO DE DATOS Y COMANDOS    *
                      00108 ;*********************************
                      00109 
0049                  00110 COMANDO:
0049   1005           00111         BCF                     RS
004A   1085           00112         BCF                     RW
004B   284F           00113         GOTO            CARGA_BUS
                      00114 
004C                  00115 DATO:
004C   1405           00116         BSF                     RS
004D   1085           00117         BCF                     RW
004E   284F           00118         GOTO            CARGA_BUS
                      00119         
004F                  00120 CARGA_BUS:
004F   0086           00121         MOVWF           PORTB
0050   1505           00122         BSF                     E
0051   2059           00123         CALL            RETARDO_DP
0052   1105           00124         BCF                     E
0053   2059           00125         CALL            RETARDO_DP
0054   0008           00126         RETURN
                      00127 
                      00128 
                      00129 ;*********************************
                      00130 ;                    RETARDO             *
                      00131 ;*********************************
                      00132 
0055                  00133 RETARDO:
0055   3035           00134         MOVLW           0X35
0056   285A           00135         GOTO            RET
                      00136 
0057                  00137 RETARDO2:
MPASM  5.51                   PRACTICA_14.ASM   5-13-2022  9:41:54         PAGE  4


LOC  OBJECT CODE     LINE SOURCE TEXT
  VALUE

0057   3015           00138         MOVLW           0X15
0058   285A           00139         GOTO            RET
                      00140 
                      00141 
0059                  00142 RETARDO_DP:
0059   3008           00143         MOVLW           0X08
                      00144 
005A                  00145 RET:
005A   00A2           00146         MOVWF           CTR3
005B                  00147 L3:
005B   00A1           00148         MOVWF           CTR2
005C                  00149 L2:     
005C   00A0           00150         MOVWF           CTR1
005D                  00151 L1:
Message[305]: Using default destination of 1 (file).
005D   0BA0           00152         DECFSZ          CTR1
005E   285D           00153         GOTO            L1
Message[305]: Using default destination of 1 (file).
005F   0BA1           00154         DECFSZ          CTR2
0060   285C           00155         GOTO            L2
Message[305]: Using default destination of 1 (file).
0061   0BA2           00156         DECFSZ          CTR3
0062   285B           00157         GOTO            L3
0063   0008           00158         RETURN
0064                  00159 FIN:
Warning[205]: Found directive in column 1. (END)
                      00160 END                         ; Directive 'end of program'
MPASM  5.51                   PRACTICA_14.ASM   5-13-2022  9:41:54         PAGE  5


SYMBOL TABLE
  LABEL                             VALUE 

ABDEN                             00000000
ABDOVF                            00000007
ACKDT                             00000005
ACKEN                             00000004
ACKSTAT                           00000006
ADCON0                            0000001F
ADCON1                            0000009F
ADCS0                             00000006
ADCS1                             00000007
ADDEN                             00000003
ADFM                              00000007
ADIE                              00000006
ADIF                              00000006
ADON                              00000000
ADRESH                            0000001E
ADRESL                            0000009E
ANS0                              00000000
ANS1                              00000001
ANS10                             00000002
ANS11                             00000003
ANS12                             00000004
ANS13                             00000005
ANS2                              00000002
ANS3                              00000003
ANS4                              00000004
ANS5                              00000005
ANS6                              00000006
ANS7                              00000007
ANS8                              00000000
ANS9                              00000001
ANSEL                             00000188
ANSELH                            00000189
BAUDCTL                           00000187
BCLIE                             00000003
BCLIF                             00000003
BF                                00000000
BRG0                              00000000
BRG1                              00000001
BRG10                             00000002
BRG11                             00000003
BRG12                             00000004
BRG13                             00000005
BRG14                             00000006
BRG15                             00000007
BRG16                             00000003
BRG2                              00000002
BRG3                              00000003
BRG4                              00000004
BRG5                              00000005
BRG6                              00000006
BRG7                              00000007
BRG8                              00000000
BRG9                              00000001
MPASM  5.51                   PRACTICA_14.ASM   5-13-2022  9:41:54         PAGE  6


SYMBOL TABLE
  LABEL                             VALUE 

BRGH                              00000002
C                                 00000000
C1CH0                             00000000
C1CH1                             00000001
C1IE                              00000005
C1IF                              00000005
C1OE                              00000005
C1ON                              00000007
C1OUT                             00000006
C1POL                             00000004
C1R                               00000002
C1RSEL                            00000005
C1SEN                             00000005
C2CH0                             00000000
C2CH1                             00000001
C2IE                              00000006
C2IF                              00000006
C2OE                              00000005
C2ON                              00000007
C2OUT                             00000006
C2POL                             00000004
C2R                               00000002
C2REN                             00000004
C2RSEL                            00000004
C2SYNC                            00000000
CARGA_BUS                         0000004F
CCP1CON                           00000017
CCP1IE                            00000002
CCP1IF                            00000002
CCP1M0                            00000000
CCP1M1                            00000001
CCP1M2                            00000002
CCP1M3                            00000003
CCP1X                             00000005
CCP1Y                             00000004
CCP2CON                           0000001D
CCP2IE                            00000000
CCP2IF                            00000000
CCP2M0                            00000000
CCP2M1                            00000001
CCP2M2                            00000002
CCP2M3                            00000003
CCP2X                             00000005
CCP2Y                             00000004
CCPR1                             00000015
CCPR1H                            00000016
CCPR1L                            00000015
CCPR2                             0000001B
CCPR2H                            0000001C
CCPR2L                            0000001B
CHS0                              00000002
CHS1                              00000003
CHS2                              00000004
MPASM  5.51                   PRACTICA_14.ASM   5-13-2022  9:41:54         PAGE  7


SYMBOL TABLE
  LABEL                             VALUE 

CHS3                              00000005
CKE                               00000006
CKP                               00000004
CM1CON0                           00000107
CM2CON0                           00000108
CM2CON1                           00000109
COMANDO                           00000049
CONT                              00000023
CONT2                             00000024
CREN                              00000004
CSRC                              00000007
CTR1                              00000020
CTR2                              00000021
CTR3                              00000022
D                                 00000005
DATA_ADDRESS                      00000005
DATO                              0000004C
DC                                00000001
DC1B0                             00000004
DC1B1                             00000005
DC2B0                             00000004
DC2B1                             00000005
D_A                               00000005
D_NOT_A                           00000005
E                                 PORTA,2
ECCPAS                            0000009C
ECCPAS0                           00000004
ECCPAS1                           00000005
ECCPAS2                           00000006
ECCPASE                           00000007
EEADR                             0000010D
EEADRH                            0000010F
EECON1                            0000018C
EECON2                            0000018D
EEDAT                             0000010C
EEDATA                            0000010C
EEDATH                            0000010E
EEIE                              00000004
EEIF                              00000004
EEPGD                             00000007
F                                 00000001
FERR                              00000002
FIN                               00000064
FSR                               00000004
FVREN                             00000000
GCEN                              00000007
GIE                               00000007
GO                                00000001
GO_DONE                           00000001
GO_NOT_DONE                       00000001
HTS                               00000002
I2C_DATA                          00000005
I2C_READ                          00000002
MPASM  5.51                   PRACTICA_14.ASM   5-13-2022  9:41:54         PAGE  8


SYMBOL TABLE
  LABEL                             VALUE 

I2C_START                         00000003
I2C_STOP                          00000004
INDF                              00000000
INICIALIZAR_LCD                   0000000D
INTCON                            0000000B
INTE                              00000004
INTEDG                            00000006
INTF                              00000001
IOCB                              00000096
IOCB0                             00000000
IOCB1                             00000001
IOCB2                             00000002
IOCB3                             00000003
IOCB4                             00000004
IOCB5                             00000005
IOCB6                             00000006
IOCB7                             00000007
IRCF0                             00000004
IRCF1                             00000005
IRCF2                             00000006
IRP                               00000007
L1                                0000005D
L2                                0000005C
L3                                0000005B
LTS                               00000001
MC1OUT                            00000007
MC2OUT                            00000006
MSK                               00000093
MSK0                              00000000
MSK1                              00000001
MSK2                              00000002
MSK3                              00000003
MSK4                              00000004
MSK5                              00000005
MSK6                              00000006
MSK7                              00000007
NOT_A                             00000005
NOT_ADDRESS                       00000005
NOT_BO                            00000000
NOT_BOR                           00000000
NOT_DONE                          00000001
NOT_PD                            00000003
NOT_POR                           00000001
NOT_RBPU                          00000007
NOT_RC8                           00000006
NOT_T1SYNC                        00000002
NOT_TO                            00000004
NOT_TX8                           00000006
NOT_W                             00000002
NOT_WRITE                         00000002
OERR                              00000001
OPTION_REG                        00000081
OSCCON                            0000008F
MPASM  5.51                   PRACTICA_14.ASM   5-13-2022  9:41:54         PAGE  9


SYMBOL TABLE
  LABEL                             VALUE 

OSCTUNE                           00000090
OSFIE                             00000007
OSFIF                             00000007
OSTS                              00000003
P                                 00000004
P1M0                              00000006
P1M1                              00000007
PCL                               00000002
PCLATH                            0000000A
PCON                              0000008E
PDC0                              00000000
PDC1                              00000001
PDC2                              00000002
PDC3                              00000003
PDC4                              00000004
PDC5                              00000005
PDC6                              00000006
PEIE                              00000006
PEN                               00000002
PIE1                              0000008C
PIE2                              0000008D
PIR1                              0000000C
PIR2                              0000000D
PORTA                             00000005
PORTB                             00000006
PORTC                             00000007
PORTD                             00000008
PORTE                             00000009
PORTS_CONFIG                      00000001
PR2                               00000092
PRSEN                             00000007
PS0                               00000000
PS1                               00000001
PS2                               00000002
PSA                               00000003
PSSAC0                            00000002
PSSAC1                            00000003
PSSBD0                            00000000
PSSBD1                            00000001
PSTRCON                           0000009D
PULSR                             00000002
PULSS                             00000003
PWM1CON                           0000009B
R                                 00000002
RA0                               00000000
RA1                               00000001
RA2                               00000002
RA3                               00000003
RA4                               00000004
RA5                               00000005
RA6                               00000006
RA7                               00000007
RB0                               00000000
MPASM  5.51                   PRACTICA_14.ASM   5-13-2022  9:41:54         PAGE 10


SYMBOL TABLE
  LABEL                             VALUE 

RB1                               00000001
RB2                               00000002
RB3                               00000003
RB4                               00000004
RB5                               00000005
RB6                               00000006
RB7                               00000007
RBIE                              00000003
RBIF                              00000000
RC0                               00000000
RC1                               00000001
RC2                               00000002
RC3                               00000003
RC4                               00000004
RC5                               00000005
RC6                               00000006
RC7                               00000007
RC8_9                             00000006
RC9                               00000006
RCD8                              00000000
RCEN                              00000003
RCIDL                             00000006
RCIE                              00000005
RCIF                              00000005
RCREG                             0000001A
RCSTA                             00000018
RD                                00000000
RD0                               00000000
RD1                               00000001
RD2                               00000002
RD3                               00000003
RD4                               00000004
RD5                               00000005
RD6                               00000006
RD7                               00000007
RE0                               00000000
RE1                               00000001
RE2                               00000002
RE3                               00000003
READ_WRITE                        00000002
REINICIO                          00000013
RET                               0000005A
RETARDO                           00000055
RETARDO2                          00000057
RETARDO_DP                        00000059
RP0                               00000005
RP1                               00000006
RS                                PORTA,0
RSEN                              00000001
RW                                PORTA,1
RX9                               00000006
RX9D                              00000000
R_NOT_W                           00000002
MPASM  5.51                   PRACTICA_14.ASM   5-13-2022  9:41:54         PAGE 11


SYMBOL TABLE
  LABEL                             VALUE 

R_W                               00000002
S                                 00000003
SBOREN                            00000004
SCKP                              00000004
SCS                               00000000
SEN                               00000000
SENDB                             00000003
SMP                               00000007
SPBRG                             00000099
SPBRGH                            0000009A
SPEN                              00000007
SR0                               00000006
SR1                               00000007
SRCON                             00000185
SREN                              00000005
SSPADD                            00000093
SSPBUF                            00000013
SSPCON                            00000014
SSPCON2                           00000091
SSPEN                             00000005
SSPIE                             00000003
SSPIF                             00000003
SSPM0                             00000000
SSPM1                             00000001
SSPM2                             00000002
SSPM3                             00000003
SSPMSK                            00000093
SSPOV                             00000006
SSPSTAT                           00000094
STATUS                            00000003
STRA                              00000000
STRB                              00000001
STRC                              00000002
STRD                              00000003
STRSYNC                           00000004
SWDTEN                            00000000
SYNC                              00000004
T0CS                              00000005
T0IE                              00000005
T0IF                              00000002
T0SE                              00000004
T1CKPS0                           00000004
T1CKPS1                           00000005
T1CON                             00000010
T1GINV                            00000007
T1GIV                             00000007
T1GSS                             00000001
T1INSYNC                          00000002
T1OSCEN                           00000003
T1SYNC                            00000002
T2CKPS0                           00000000
T2CKPS1                           00000001
T2CON                             00000012
MPASM  5.51                   PRACTICA_14.ASM   5-13-2022  9:41:54         PAGE 12


SYMBOL TABLE
  LABEL                             VALUE 

TABLA                             00000029
TABLA2                            00000039
TMR0                              00000001
TMR0IE                            00000005
TMR0IF                            00000002
TMR1                              0000000E
TMR1CS                            00000001
TMR1GE                            00000006
TMR1H                             0000000F
TMR1IE                            00000000
TMR1IF                            00000000
TMR1L                             0000000E
TMR1ON                            00000000
TMR2                              00000011
TMR2IE                            00000001
TMR2IF                            00000001
TMR2ON                            00000002
TOUTPS0                           00000003
TOUTPS1                           00000004
TOUTPS2                           00000005
TOUTPS3                           00000006
TRISA                             00000085
TRISA0                            00000000
TRISA1                            00000001
TRISA2                            00000002
TRISA3                            00000003
TRISA4                            00000004
TRISA5                            00000005
TRISA6                            00000006
TRISA7                            00000007
TRISB                             00000086
TRISB0                            00000000
TRISB1                            00000001
TRISB2                            00000002
TRISB3                            00000003
TRISB4                            00000004
TRISB5                            00000005
TRISB6                            00000006
TRISB7                            00000007
TRISC                             00000087
TRISC0                            00000000
TRISC1                            00000001
TRISC2                            00000002
TRISC3                            00000003
TRISC4                            00000004
TRISC5                            00000005
TRISC6                            00000006
TRISC7                            00000007
TRISD                             00000088
TRISD0                            00000000
TRISD1                            00000001
TRISD2                            00000002
TRISD3                            00000003
MPASM  5.51                   PRACTICA_14.ASM   5-13-2022  9:41:54         PAGE 13


SYMBOL TABLE
  LABEL                             VALUE 

TRISD4                            00000004
TRISD5                            00000005
TRISD6                            00000006
TRISD7                            00000007
TRISE                             00000089
TRISE0                            00000000
TRISE1                            00000001
TRISE2                            00000002
TRISE3                            00000003
TRMT                              00000001
TUN0                              00000000
TUN1                              00000001
TUN2                              00000002
TUN3                              00000003
TUN4                              00000004
TX8_9                             00000006
TX9                               00000006
TX9D                              00000000
TXD8                              00000000
TXEN                              00000005
TXIE                              00000004
TXIF                              00000004
TXREG                             00000019
TXSTA                             00000098
UA                                00000001
ULPWUE                            00000005
ULPWUIE                           00000002
ULPWUIF                           00000002
VCFG0                             00000004
VCFG1                             00000005
VISUALIZAR                        00000014
VR0                               00000000
VR1                               00000001
VR2                               00000002
VR3                               00000003
VRCON                             00000097
VREN                              00000007
VROE                              00000006
VRR                               00000005
VRSS                              00000004
W                                 00000000
WCOL                              00000007
WDTCON                            00000105
WDTPS0                            00000001
WDTPS1                            00000002
WDTPS2                            00000003
WDTPS3                            00000004
WPUB                              00000095
WPUB0                             00000000
WPUB1                             00000001
WPUB2                             00000002
WPUB3                             00000003
WPUB4                             00000004
MPASM  5.51                   PRACTICA_14.ASM   5-13-2022  9:41:54         PAGE 14


SYMBOL TABLE
  LABEL                             VALUE 

WPUB5                             00000005
WPUB6                             00000006
WPUB7                             00000007
WR                                00000001
WREN                              00000002
WRERR                             00000003
WUE                               00000001
Z                                 00000002
_BOR21V                           00003EFF
_BOR40V                           00003FFF
_BOR4V_BOR21V                     00003EFF
_BOR4V_BOR40V                     00003FFF
_BOREN_NSLEEP                     00003EFF
_BOREN_OFF                        00003CFF
_BOREN_ON                         00003FFF
_BOREN_SBODEN                     00003DFF
_BOR_NSLEEP                       00003EFF
_BOR_OFF                          00003CFF
_BOR_ON                           00003FFF
_BOR_SBODEN                       00003DFF
_CONFIG1                          00002007
_CONFIG2                          00002008
_CPD_OFF                          00003FFF
_CPD_ON                           00003F7F
_CP_OFF                           00003FFF
_CP_ON                            00003FBF
_DEBUG_OFF                        00003FFF
_DEBUG_ON                         00001FFF
_DEVID1                           00002006
_EC_OSC                           00003FFB
_EXTRC                            00003FFF
_EXTRCIO                          00003FFE
_EXTRC_OSC_CLKOUT                 00003FFF
_EXTRC_OSC_NOCLKOUT               00003FFE
_FCMEN_OFF                        000037FF
_FCMEN_ON                         00003FFF
_FOSC_EC                          00003FFB
_FOSC_EXTRC_CLKOUT                00003FFF
_FOSC_EXTRC_NOCLKOUT              00003FFE
_FOSC_HS                          00003FFA
_FOSC_INTRC_CLKOUT                00003FFD
_FOSC_INTRC_NOCLKOUT              00003FFC
_FOSC_LP                          00003FF8
_FOSC_XT                          00003FF9
_HS_OSC                           00003FFA
_IDLOC0                           00002000
_IDLOC1                           00002001
_IDLOC2                           00002002
_IDLOC3                           00002003
_IESO_OFF                         00003BFF
_IESO_ON                          00003FFF
_INTOSC                           00003FFD
_INTOSCIO                         00003FFC
MPASM  5.51                   PRACTICA_14.ASM   5-13-2022  9:41:54         PAGE 15


SYMBOL TABLE
  LABEL                             VALUE 

_INTRC_OSC_CLKOUT                 00003FFD
_INTRC_OSC_NOCLKOUT               00003FFC
_LP_OSC                           00003FF8
_LVP_OFF                          00002FFF
_LVP_ON                           00003FFF
_MCLRE_OFF                        00003FDF
_MCLRE_ON                         00003FFF
_PWRTE_OFF                        00003FFF
_PWRTE_ON                         00003FEF
_WDTE_OFF                         00003FF7
_WDTE_ON                          00003FFF
_WDT_OFF                          00003FF7
_WDT_ON                           00003FFF
_WRT_1FOURTH                      00003BFF
_WRT_256                          00003DFF
_WRT_HALF                         000039FF
_WRT_OFF                          00003FFF
_XT_OSC                           00003FF9
__16F887                          00000001
__DEBUG                           1


MEMORY USAGE MAP ('X' = Used,  '-' = Unused)

0000 : XXXXXXXXXXXXXXXX XXXXXXXXXXXXXXXX XXXXXXXXXXXXXXXX XXXXXXXXXXXXXXXX
0040 : XXXXXXXXXXXXXXXX XXXXXXXXXXXXXXXX XXXX------------ ----------------
2000 : -------XX------- ---------------- ---------------- ----------------

All other memory blocks unused.

Program Memory Words Used:   100
Program Memory Words Free:  8092


Errors   :     0
Warnings :     1 reported,     0 suppressed
Messages :     7 reported,     0 suppressed

